2021-05-23 20:28:26,861 [Worker-0: Loading available Gradle versions] INFO  o.e.b.c.i.u.g.PublishedGradleVersions - Gradle version information cache is up-to-date. Trying to read.
2021-05-23 20:45:48,460 [Start Help Server] INFO  org.eclipse.jetty.util.log - Logging initialized @1053537ms to org.eclipse.jetty.util.log.Slf4jLog
2021-05-23 20:45:48,574 [Start Help Server] INFO  org.eclipse.jetty.server.Server - jetty-9.4.37.v20210219; built: 2021-02-23T06:49:41.320Z; git: 27afab2bd37780d179836e313e0fe11bc4fa0ce9; jvm 16+36-2231
2021-05-23 20:45:48,589 [Start Help Server] INFO  org.eclipse.jetty.server.session - DefaultSessionIdManager workerName=node0
2021-05-23 20:45:48,590 [Start Help Server] INFO  org.eclipse.jetty.server.session - No SessionScavenger set, using defaults
2021-05-23 20:45:48,591 [Start Help Server] INFO  org.eclipse.jetty.server.session - node0 Scavenging every 660000ms
2021-05-23 20:45:48,618 [Start Help Server] INFO  o.e.j.server.handler.ContextHandler - Started o.e.j.s.ServletContextHandler@17411e4e{/help,null,AVAILABLE}
2021-05-23 20:45:48,632 [Start Help Server] INFO  o.e.jetty.server.AbstractConnector - Started ServerConnector@e0e61d3{HTTP/1.1, (http/1.1)}{127.0.0.1:50001}
2021-05-23 20:45:48,633 [Start Help Server] INFO  org.eclipse.jetty.server.Server - Started @1053710ms
2021-05-23 20:45:48,633 [Start Help Server] INFO  org.eclipse.jetty.server.session - node0 Scavenging every 660000ms
2021-05-24 14:03:21,530 [Stop Help Server] INFO  o.e.jetty.server.AbstractConnector - Stopped ServerConnector@e0e61d3{HTTP/1.1, (http/1.1)}{127.0.0.1:0}
2021-05-24 14:03:21,530 [Stop Help Server] INFO  org.eclipse.jetty.server.session - node0 Stopped scavenging
2021-05-24 14:03:21,542 [Stop Help Server] INFO  o.e.j.server.handler.ContextHandler - Stopped o.e.j.s.ServletContextHandler@17411e4e{/help,null,STOPPED}
2021-05-24 17:23:02,953 [Worker-2: Loading available Gradle versions] INFO  o.e.b.c.i.u.g.PublishedGradleVersions - Gradle version information cache is up-to-date. Trying to read.
2021-05-24 17:55:55,160 [Start Help Server] INFO  org.eclipse.jetty.util.log - Logging initialized @2008410ms to org.eclipse.jetty.util.log.Slf4jLog
2021-05-24 17:55:55,342 [Start Help Server] INFO  org.eclipse.jetty.server.Server - jetty-9.4.37.v20210219; built: 2021-02-23T06:49:41.320Z; git: 27afab2bd37780d179836e313e0fe11bc4fa0ce9; jvm 16+36-2231
2021-05-24 17:55:55,369 [Start Help Server] INFO  org.eclipse.jetty.server.session - DefaultSessionIdManager workerName=node0
2021-05-24 17:55:55,369 [Start Help Server] INFO  org.eclipse.jetty.server.session - No SessionScavenger set, using defaults
2021-05-24 17:55:55,371 [Start Help Server] INFO  org.eclipse.jetty.server.session - node0 Scavenging every 660000ms
2021-05-24 17:55:55,408 [Start Help Server] INFO  o.e.j.server.handler.ContextHandler - Started o.e.j.s.ServletContextHandler@6934dcf0{/help,null,AVAILABLE}
2021-05-24 17:55:55,432 [Start Help Server] INFO  o.e.jetty.server.AbstractConnector - Started ServerConnector@1f64b213{HTTP/1.1, (http/1.1)}{127.0.0.1:65507}
2021-05-24 17:55:55,433 [Start Help Server] INFO  org.eclipse.jetty.server.Server - Started @2008689ms
2021-05-24 17:55:55,433 [Start Help Server] INFO  org.eclipse.jetty.server.session - node0 Scavenging every 660000ms
2021-05-26 03:18:30,503 [Worker-0: Loading available Gradle versions] INFO  o.e.b.c.i.u.g.PublishedGradleVersions - Gradle version information cache is up-to-date. Trying to read.
